[2025-04-15 00:22:06] 订阅请求开始处理
[2025-04-15 00:22:06] 请求方法: POST
[2025-04-15 00:22:06] 接收到的原始数据: {"email":"2380037681@qq.com","name":"王锦成","privacy":true}
[2025-04-15 00:22:06] 解析后的数据: Array
(
    [email] => 2380037681@qq.com
    [name] => 王锦成
    [privacy] => 1
)

[2025-04-15 00:22:06] 用户名: 王锦成
[2025-04-15 00:22:06] 数据库文件路径: /www/wwwroot/game.hoshinoai.xin/api/subscribers.db
[2025-04-15 00:22:06] 尝试连接数据库
[2025-04-15 00:22:06] 数据库连接成功
[2025-04-15 00:22:06] 确保数据表存在
[2025-04-15 00:22:06] 准备插入新订阅者
[2025-04-15 00:22:06] 订阅者数据插入成功
[2025-04-15 00:22:06] 准备发送欢迎邮件
[2025-04-15 00:22:06] 开始发送欢迎邮件给: 2380037681@qq.com
[2025-04-15 00:22:06] 调用邮件发送函数
[2025-04-15 00:22:08] 欢迎邮件发送结果: 成功
[2025-04-15 00:22:08] 订阅流程完成，返回成功响应
