[2025-04-15 00:32:01] 通知请求开始处理
[2025-04-15 00:32:01] 请求方法: POST
[2025-04-15 00:32:01] 接收到的原始数据: {"type":"new-game","title":"新游戏上线","content":"2048上线","from":"1697391069@qq.com","admin_token":"d402cd31e689ebe4b1e6bafed829b44f"}
[2025-04-15 00:32:01] 解析后的数据: Array
(
    [type] => new-game
    [title] => 新游戏上线
    [content] => 2048上线
    [from] => 1697391069@qq.com
    [admin_token] => d402cd31e689ebe4b1e6bafed829b44f
)

[2025-04-15 00:32:01] 预期的Token: d402cd31e689ebe4b1e6bafed829b44f
[2025-04-15 00:32:01] 收到的Token: d402cd31e689ebe4b1e6bafed829b44f
[2025-04-15 00:32:01] 管理员验证成功
[2025-04-15 00:32:01] 数据库文件路径: /www/wwwroot/game.hoshinoai.xin/api/subscribers.db
[2025-04-15 00:32:01] 数据库连接成功
[2025-04-15 00:32:01] 查询到订阅者数量: 1
[2025-04-15 00:32:01] 邮件主题: HoshinoAI游戏平台 - 新游戏上线
[2025-04-15 00:32:01] 准备发送邮件到: 2380037681@qq.com
[2025-04-15 00:32:02] 发送成功
[2025-04-15 00:32:03] 通知记录已保存到数据库
[2025-04-15 00:32:03] 返回响应: {"success":true,"message":"\u901a\u77e5\u53d1\u9001\u5b8c\u6210","data":{"total":1,"success":"1","failed":0,"failed_emails":[]}}
